2019-10-08 19:59:06,606 INFO c.c.e.c.FizzBuzzControllerTest [main] Starting FizzBuzzControllerTest on DESKTOP-UH6RRJ1 with PID 13504 (started by marti in C:\Users\marti\Workspace\exam1)
2019-10-08 19:59:06,617 DEBUG c.c.e.c.FizzBuzzControllerTest [main] Running with Spring Boot v2.1.8.RELEASE, Spring v5.1.9.RELEASE
2019-10-08 19:59:06,618 INFO c.c.e.c.FizzBuzzControllerTest [main] No active profile set, falling back to default profiles: default
2019-10-08 19:59:09,775 INFO c.c.e.c.FizzBuzzControllerTest [main] Started FizzBuzzControllerTest in 3.42 seconds (JVM running for 4.969)
2019-10-08 19:59:10,088 INFO c.c.e.w.c.FizzBuzzController [http-nio-auto-1-exec-1] Initiation of the 'findOne' method of FizzBuzzController.
2019-10-08 19:59:10,099 INFO c.c.e.w.c.FizzBuzzController [AsyncThread-1] Initiation of the 'findById' method of FizzBuzzServiceImpl.
2019-10-08 19:59:10,111 INFO c.c.e.w.c.FizzBuzzController [AsyncThread-1] Initiation of the 'write' method of FizzBuzzFileDaoImpl.
2019-10-08 19:59:10,113 INFO c.c.e.w.c.FizzBuzzController [AsyncThread-1] End of the 'findOne' method of FizzBuzzController.
2019-10-08 19:59:10,113 INFO c.c.e.w.c.FizzBuzzController [AsyncThread-1] End of the 'findById' method of FizzBuzzServiceImpl.
2019-10-08 19:59:10,113 INFO c.c.e.w.c.FizzBuzzController [http-nio-auto-1-exec-1] End of the 'findOne' method of FizzBuzzController.
2019-10-08 19:59:10,266 INFO c.c.e.s.FizzBuzzServiceTest [main] Starting FizzBuzzServiceTest on DESKTOP-UH6RRJ1 with PID 13504 (started by marti in C:\Users\marti\Workspace\exam1)
2019-10-08 19:59:10,266 DEBUG c.c.e.s.FizzBuzzServiceTest [main] Running with Spring Boot v2.1.8.RELEASE, Spring v5.1.9.RELEASE
2019-10-08 19:59:10,267 INFO c.c.e.s.FizzBuzzServiceTest [main] No active profile set, falling back to default profiles: default
2019-10-08 19:59:11,450 INFO c.c.e.s.FizzBuzzServiceTest [main] Started FizzBuzzServiceTest in 1.244 seconds (JVM running for 6.644)
2019-10-08 19:59:11,474 INFO c.c.e.w.c.FizzBuzzController [AsyncThread-1] Initiation of the 'findById' method of FizzBuzzServiceImpl.
2019-10-08 19:59:11,475 INFO c.c.e.w.c.FizzBuzzController [AsyncThread-1] Initiation of the 'write' method of FizzBuzzFileDaoImpl.
2019-10-08 19:59:11,476 INFO c.c.e.w.c.FizzBuzzController [AsyncThread-1] End of the 'findOne' method of FizzBuzzController.
2019-10-08 19:59:11,476 INFO c.c.e.w.c.FizzBuzzController [AsyncThread-1] End of the 'findById' method of FizzBuzzServiceImpl.
2019-10-08 19:59:55,416 INFO c.c.e.FizzBuzzApplication [main] Starting FizzBuzzApplication on DESKTOP-UH6RRJ1 with PID 8472 (C:\Users\marti\Workspace\exam1\target\classes started by marti in C:\Users\marti\Workspace\exam1)
2019-10-08 19:59:55,422 DEBUG c.c.e.FizzBuzzApplication [main] Running with Spring Boot v2.1.8.RELEASE, Spring v5.1.9.RELEASE
2019-10-08 19:59:55,422 INFO c.c.e.FizzBuzzApplication [main] No active profile set, falling back to default profiles: default
2019-10-08 19:59:57,484 INFO c.c.e.FizzBuzzApplication [main] Started FizzBuzzApplication in 2.38 seconds (JVM running for 3.842)
2019-10-08 20:00:33,135 INFO c.c.e.w.c.FizzBuzzController [http-nio-8080-exec-5] Initiation of the 'findOne' method of FizzBuzzController.
2019-10-08 20:00:33,140 INFO c.c.e.w.c.FizzBuzzController [AsyncThread-1] Initiation of the 'findById' method of FizzBuzzServiceImpl.
2019-10-08 20:00:33,152 INFO c.c.e.w.c.FizzBuzzController [AsyncThread-1] Initiation of the 'write' method of FizzBuzzFileDaoImpl.
2019-10-08 20:00:33,153 INFO c.c.e.w.c.FizzBuzzController [AsyncThread-1] End of the 'findOne' method of FizzBuzzController.
2019-10-08 20:00:33,153 INFO c.c.e.w.c.FizzBuzzController [AsyncThread-1] End of the 'findById' method of FizzBuzzServiceImpl.
2019-10-08 20:00:33,154 INFO c.c.e.w.c.FizzBuzzController [http-nio-8080-exec-5] End of the 'findOne' method of FizzBuzzController.
